<?xml version="1.0" encoding="UTF-8"?>
<!-- Generated by org.testng.reporters.JUnitReportReporter -->
<testsuite skipped="0" hostname="Leelas-Air" name="com.restassured.framework.api.TwitterTweetsTest" tests="1" failures="0" timestamp="20 Oct 2018 07:04:36 GMT" time="0.820" errors="0">
  <testcase name="getTweets" time="0.820" classname="com.restassured.framework.api.TwitterTweetsTest"/>
</testsuite> <!-- com.restassured.framework.api.TwitterTweetsTest -->
