<?xml version="1.0" encoding="UTF-8"?>
<!-- Generated by org.testng.reporters.JUnitReportReporter -->
<testsuite skipped="0" hostname="Leelas-Air" name="com.restassured.framework.api.TwitterEndToEndWorkflowTest" tests="3" failures="0" timestamp="20 Oct 2018 07:04:36 GMT" time="5.882" errors="0">
  <testcase name="postTweet" time="3.665" classname="com.restassured.framework.api.TwitterEndToEndWorkflowTest"/>
  <testcase name="getTweet" time="1.212" classname="com.restassured.framework.api.TwitterEndToEndWorkflowTest"/>
  <testcase name="deleteTweet" time="1.005" classname="com.restassured.framework.api.TwitterEndToEndWorkflowTest"/>
</testsuite> <!-- com.restassured.framework.api.TwitterEndToEndWorkflowTest -->
