<?xml version="1.0" encoding="UTF-8"?>
<!-- Generated by org.testng.reporters.JUnitReportReporter -->
<testsuite skipped="0" hostname="Leelas-Air" name="com.restassured.framework.api.TwitterEndToEndWorkflowTest" tests="3" failures="0" timestamp="20 Oct 2018 07:20:54 GMT" time="5.617" errors="0">
  <testcase name="getTweet" time="0.733" classname="com.restassured.framework.api.TwitterEndToEndWorkflowTest"/>
  <testcase name="postTweet" time="3.741" classname="com.restassured.framework.api.TwitterEndToEndWorkflowTest"/>
  <testcase name="deleteTweet" time="1.143" classname="com.restassured.framework.api.TwitterEndToEndWorkflowTest"/>
</testsuite> <!-- com.restassured.framework.api.TwitterEndToEndWorkflowTest -->
