<?xml version="1.0" encoding="UTF-8"?>
<!-- Generated by org.testng.reporters.JUnitReportReporter -->
<testsuite skipped="1" hostname="Leelas-Air" name="com.restassured.request.response.logging.TwitterPostRequest" tests="2" failures="0" timestamp="16 Oct 2018 17:47:48 GMT" time="2.446" errors="0">
  <testcase name="postTweet" time="2.446" classname="com.restassured.request.response.logging.TwitterPostRequest"/>
  <testcase name="postTweet_showing_different_options_for_request_log_method" classname="com.restassured.request.response.logging.TwitterPostRequest">
    <skipped/>
  </testcase> <!-- postTweet_showing_different_options_for_request_log_method -->
</testsuite> <!-- com.restassured.request.response.logging.TwitterPostRequest -->
