<?xml version="1.0" encoding="UTF-8"?>
<!-- Generated by org.testng.reporters.JUnitReportReporter -->
<testsuite skipped="0" hostname="Leelas-Air" name="com.restassured.spec.example.RequestResponseSpecificationExample" tests="1" failures="0" timestamp="18 Oct 2018 03:11:39 GMT" time="2.859" errors="0">
  <testcase name="getTweet" time="2.859" classname="com.restassured.spec.example.RequestResponseSpecificationExample"/>
</testsuite> <!-- com.restassured.spec.example.RequestResponseSpecificationExample -->
