<?xml version="1.0" encoding="UTF-8"?>
<!-- Generated by org.testng.reporters.JUnitReportReporter -->
<testsuite skipped="0" hostname="Leelas-Air" name="com.restassured.ReqResAPIGetTest" tests="3" failures="0" timestamp="15 Oct 2018 02:39:19 GMT" time="6.548" errors="0">
  <testcase name="validateResponseBodyContent" time="1.720" classname="com.restassured.ReqResAPIGetTest"/>
  <testcase name="checkStatusCode" time="3.180" classname="com.restassured.ReqResAPIGetTest"/>
  <testcase name="getResponseBody" time="1.648" classname="com.restassured.ReqResAPIGetTest"/>
</testsuite> <!-- com.restassured.ReqResAPIGetTest -->
