<?xml version="1.0" encoding="UTF-8"?>
<!-- Generated by org.testng.reporters.JUnitReportReporter -->
<testsuite skipped="0" hostname="Leelas-Air" name="com.restassured.assertion.examples.HardAssertionExample" tests="1" failures="0" timestamp="17 Oct 2018 16:16:08 GMT" time="4.101" errors="0">
  <testcase name="getTweet" time="4.101" classname="com.restassured.assertion.examples.HardAssertionExample"/>
</testsuite> <!-- com.restassured.assertion.examples.HardAssertionExample -->
