<?xml version="1.0" encoding="UTF-8"?>
<!-- Generated by org.testng.reporters.JUnitReportReporter -->
<testsuite skipped="1" hostname="Leelas-Air" name="com.restassured.request.response.logging.ResponseLogging" tests="2" failures="0" timestamp="17 Oct 2018 02:31:36 GMT" time="3.521" errors="0">
  <testcase name="postTweet" time="3.521" classname="com.restassured.request.response.logging.ResponseLogging"/>
  <testcase name="postTweet_showing_different_options_for_response_logging" classname="com.restassured.request.response.logging.ResponseLogging">
    <skipped/>
  </testcase> <!-- postTweet_showing_different_options_for_response_logging -->
</testsuite> <!-- com.restassured.request.response.logging.ResponseLogging -->
