<?xml version="1.0" encoding="UTF-8"?>
<!-- Generated by org.testng.reporters.JUnitReportReporter -->
<testsuite skipped="0" hostname="Leelas-Air" name="com.restassured.twitter.examples.TwitterEndToEndWorkflow" tests="3" failures="0" timestamp="16 Oct 2018 17:01:37 GMT" time="6.143" errors="0">
  <testcase name="deleteTweet" time="0.698" classname="com.restassured.twitter.examples.TwitterEndToEndWorkflow"/>
  <testcase name="postTweet" time="4.653" classname="com.restassured.twitter.examples.TwitterEndToEndWorkflow"/>
  <testcase name="getTweet" time="0.792" classname="com.restassured.twitter.examples.TwitterEndToEndWorkflow"/>
</testsuite> <!-- com.restassured.twitter.examples.TwitterEndToEndWorkflow -->
