<?xml version="1.0" encoding="UTF-8"?>
<!-- Generated by org.testng.reporters.JUnitReportReporter -->
<testsuite skipped="0" hostname="Leelas-Air" name="com.restassured.ReqResAPIPostTest" tests="1" failures="0" timestamp="15 Oct 2018 02:48:18 GMT" time="4.221" errors="0">
  <testcase name="validateStatusCode" time="4.221" classname="com.restassured.ReqResAPIPostTest"/>
</testsuite> <!-- com.restassured.ReqResAPIPostTest -->
