<?xml version="1.0" encoding="UTF-8"?>
<!-- Generated by org.testng.reporters.JUnitReportReporter -->
<testsuite skipped="0" hostname="Leelas-Air" name="com.restassured.assertion.examples.SoftAssertionExample" tests="1" failures="0" timestamp="17 Oct 2018 03:18:33 GMT" time="3.062" errors="0">
  <testcase name="getTweet" time="3.062" classname="com.restassured.assertion.examples.SoftAssertionExample"/>
</testsuite> <!-- com.restassured.assertion.examples.SoftAssertionExample -->
