<?xml version="1.0" encoding="UTF-8"?>
<!-- Generated by org.testng.reporters.JUnitReportReporter -->
<testsuite skipped="0" hostname="Leelas-Air" name="com.restassured.rootpath.examples.ResponseTimeExample" tests="2" failures="0" timestamp="17 Oct 2018 16:55:11 GMT" time="4.945" errors="0">
  <testcase name="failTestIfResponseTimeExceeds" time="3.806" classname="com.restassured.rootpath.examples.ResponseTimeExample"/>
  <testcase name="getResponseTime" time="1.139" classname="com.restassured.rootpath.examples.ResponseTimeExample"/>
</testsuite> <!-- com.restassured.rootpath.examples.ResponseTimeExample -->
