<?xml version="1.0" encoding="UTF-8"?>
<!-- Generated by org.testng.reporters.JUnitReportReporter -->
<testsuite skipped="0" hostname="Leelas-Air" name="com.restassured.ReqResAPITest" tests="2" failures="0" timestamp="15 Oct 2018 02:03:47 GMT" time="15.269" errors="0">
  <testcase name="checkStatusCode" time="8.478" classname="com.restassured.ReqResAPITest"/>
  <testcase name="getResponseBody" time="6.791" classname="com.restassured.ReqResAPITest"/>
</testsuite> <!-- com.restassured.ReqResAPITest -->
