<?xml version="1.0" encoding="UTF-8"?>
<!-- Generated by org.testng.reporters.JUnitReportReporter -->
<testsuite skipped="0" hostname="Leelas-Air" name="com.restassured.spec.example.RequestSpecificationExample" tests="1" failures="0" timestamp="18 Oct 2018 02:28:09 GMT" time="9.590" errors="0">
  <testcase name="getTweet" time="9.590" classname="com.restassured.spec.example.RequestSpecificationExample"/>
</testsuite> <!-- com.restassured.spec.example.RequestSpecificationExample -->
