<?xml version="1.0" encoding="UTF-8"?>
<!-- Generated by org.testng.reporters.JUnitReportReporter -->
<testsuite skipped="0" hostname="Leelas-Air" name="com.restassured.twitter.examples.TwitterTweetRequest" tests="3" failures="0" timestamp="16 Oct 2018 16:43:36 GMT" time="7.437" errors="0">
  <testcase name="deleteTweet" time="0.957" classname="com.restassured.twitter.examples.TwitterTweetRequest"/>
  <testcase name="postTweet" time="5.000" classname="com.restassured.twitter.examples.TwitterTweetRequest"/>
  <testcase name="getTweet" time="1.480" classname="com.restassured.twitter.examples.TwitterTweetRequest"/>
</testsuite> <!-- com.restassured.twitter.examples.TwitterTweetRequest -->
