<?xml version="1.0" encoding="UTF-8"?>
<!-- Generated by org.testng.reporters.JUnitReportReporter -->
<testsuite skipped="0" hostname="Leelas-Air" name="com.restassured.spec.example.ResponseSpecificationExample" tests="1" failures="0" timestamp="18 Oct 2018 02:30:55 GMT" time="10.004" errors="0">
  <testcase name="getTweet" time="10.004" classname="com.restassured.spec.example.ResponseSpecificationExample"/>
</testsuite> <!-- com.restassured.spec.example.ResponseSpecificationExample -->
